<?xml version="1.0" encoding="UTF-8"?>
<!-- Generated by org.testng.reporters.JUnitReportReporter -->
<testsuite hostname="Pawan-PC" name="testcases.TestLoginWithReport" tests="1" failures="0" timestamp="26 May 2017 16:57:32 GMT" time="81.046" errors="0">
  <testcase name="verifyLogin" time="81.046" classname="testcases.TestLoginWithReport"/>
</testsuite> <!-- testcases.TestLoginWithReport -->
