<?xml version="1.0" encoding="UTF-8"?>
<!-- Generated by org.testng.reporters.JUnitReportReporter -->
<testsuite hostname="Pawan-PC" name="testcases.TestLoginPage" tests="1" failures="0" timestamp="30 May 2017 16:27:02 GMT" time="188.099" errors="0">
  <testcase name="verifyLogin" time="188.099" classname="testcases.TestLoginPage"/>
</testsuite> <!-- testcases.TestLoginPage -->
