<?xml version="1.0" encoding="UTF-8"?>
<!-- Generated by org.testng.reporters.JUnitReportReporter -->
<testsuite hostname="Pawan-PC" name="testcases.VerifyLogin" tests="1" failures="0" timestamp="25 May 2017 19:23:23 GMT" time="84.558" errors="0">
  <testcase name="testLoginPage" time="84.558" classname="testcases.VerifyLogin"/>
</testsuite> <!-- testcases.VerifyLogin -->
