<?xml version="1.0" encoding="UTF-8"?>
<!-- Generated by org.testng.reporters.JUnitReportReporter -->
<testsuite hostname="Pawan-PC" name="testcases.TestLogin" tests="1" failures="0" timestamp="25 May 2017 21:08:23 GMT" time="65.039" errors="0">
  <testcase name="verifyLogin" time="65.039" classname="testcases.TestLogin"/>
</testsuite> <!-- testcases.TestLogin -->
