<?xml version="1.0" encoding="UTF-8"?>
<!-- Generated by org.testng.reporters.JUnitReportReporter -->
<testsuite hostname="Pawan-PC" name="testcases.VerifyLoginPageTitle" tests="1" failures="0" timestamp="25 May 2017 21:08:23 GMT" time="17.767" errors="0">
  <testcase name="verifyLoginPageTitle" time="17.767" classname="testcases.VerifyLoginPageTitle"/>
</testsuite> <!-- testcases.VerifyLoginPageTitle -->
